This is pdfTeX, Version 3.14159265-2.6-1.40.17 (TeX Live 2016) (preloaded format=pdflatex 2016.5.22)  16 AUG 2017 17:29
entering extended mode
 restricted \write18 enabled.
 %&-line parsing enabled.
**TCC_CUDA.tex
(./TCC_CUDA.tex
LaTeX2e <2016/03/31>
Babel <3.9r> and hyphenation patterns for 83 language(s) loaded.
(./inf-ufg.cls
Document Class: inf-ufg 2008/12/29 v1.8 INF-UFG Thesis Class
LaTeX 2e package inf-ufg' -- Released 29 dec 2008
(/usr/local/texlive/2016/texmf-dist/tex/latex/base/ifthen.sty
Package: ifthen 2014/09/29 v1.1c Standard LaTeX ifthen package (DPC)
)
(/usr/local/texlive/2016/texmf-dist/tex/latex/base/report.cls
Document Class: report 2014/09/29 v1.4h Standard LaTeX document class
(/usr/local/texlive/2016/texmf-dist/tex/latex/base/size12.clo
File: size12.clo 2014/09/29 v1.4h Standard LaTeX file (size option)
)
\c@part=\count79
\c@chapter=\count80
\c@section=\count81
\c@subsection=\count82
\c@subsubsection=\count83
\c@paragraph=\count84
\c@subparagraph=\count85
\c@figure=\count86
\c@table=\count87
\abovecaptionskip=\skip41
\belowcaptionskip=\skip42
\bibindent=\dimen102
)
(/usr/local/texlive/2016/texmf-dist/tex/generic/beebe/texnames.sty
This is texnames.sty, Version 1.10 <02 March 1998>
) (/usr/local/texlive/2016/texmf-dist/tex/generic/babel/babel.sty
Package: babel 2016/04/23 3.9r The Babel package

(/usr/local/texlive/2016/texmf-dist/tex/generic/babel-english/english.ldf
Language: english 2012/08/20 v3.3p English support from the babel system

(/usr/local/texlive/2016/texmf-dist/tex/generic/babel/babel.def
File: babel.def 2016/04/23 3.9r Babel common definitions
\babel@savecnt=\count88
\U@D=\dimen103
)
\l@canadian = a dialect from \language\l@american 
\l@australian = a dialect from \language\l@british 
\l@newzealand = a dialect from \language\l@british 
)
(/usr/local/texlive/2016/texmf-dist/tex/generic/babel-portuges/portuges.ldf
Language: portuges 2008/03/18 v1.2q Portuguese support from the babel system
Package babel Info: Making " an active character on input line 145.
)
(/usr/local/texlive/2016/texmf-dist/tex/generic/babel-portuges/portuges.ldf
Language: portuges 2008/03/18 v1.2q Portuguese support from the babel system
\l@brazil = a dialect from \language\l@portuges 
))
(/usr/local/texlive/2016/texmf-dist/tex/latex/base/fontenc.sty
Package: fontenc 2005/09/27 v1.99g Standard LaTeX package

(/usr/local/texlive/2016/texmf-dist/tex/latex/base/t1enc.def
File: t1enc.def 2005/09/27 v1.99g Standard LaTeX file
LaTeX Font Info:    Redeclaring font encoding T1 on input line 48.
))
(/usr/local/texlive/2016/texmf-dist/tex/latex/base/inputenc.sty
Package: inputenc 2015/03/17 v1.2c Input encoding file
\inpenc@prehook=\toks14
\inpenc@posthook=\toks15

(/usr/local/texlive/2016/texmf-dist/tex/latex/base/ansinew.def
File: ansinew.def 2015/03/17 v1.2c Input encoding file
))
(/usr/local/texlive/2016/texmf-dist/tex/latex/amsfonts/amsfonts.sty
Package: amsfonts 2013/01/14 v3.01 Basic AMSFonts support
\@emptytoks=\toks16
\symAMSa=\mathgroup4
\symAMSb=\mathgroup5
LaTeX Font Info:    Overwriting math alphabet `\mathfrak' in version `bold'
(Font)                  U/euf/m/n --> U/euf/b/n on input line 106.
)
(/usr/local/texlive/2016/texmf-dist/tex/latex/pslatex/pslatex.sty
Package: pslatex 1996/07/24 v1.2 pslatex emulation (DPC)
LaTeX Font Info:    Redeclaring symbol font `operators' on input line 65.
LaTeX Font Info:    Overwriting symbol font `operators' in version `normal'
(Font)                  OT1/cmr/m/n --> OT1/ptmcm/m/n on input line 65.
LaTeX Font Info:    Overwriting symbol font `operators' in version `bold'
(Font)                  OT1/cmr/bx/n --> OT1/ptmcm/m/n on input line 65.
LaTeX Font Info:    Redeclaring symbol font `letters' on input line 66.
LaTeX Font Info:    Overwriting symbol font `letters' in version `normal'
(Font)                  OML/cmm/m/it --> OML/ptmcm/m/it on input line 66.
LaTeX Font Info:    Overwriting symbol font `letters' in version `bold'
(Font)                  OML/cmm/b/it --> OML/ptmcm/m/it on input line 66.
LaTeX Font Info:    Redeclaring symbol font `symbols' on input line 67.
LaTeX Font Info:    Overwriting symbol font `symbols' in version `normal'
(Font)                  OMS/cmsy/m/n --> OMS/pzccm/m/n on input line 67.
LaTeX Font Info:    Overwriting symbol font `symbols' in version `bold'
(Font)                  OMS/cmsy/b/n --> OMS/pzccm/m/n on input line 67.
LaTeX Font Info:    Redeclaring symbol font `largesymbols' on input line 68.
LaTeX Font Info:    Overwriting symbol font `largesymbols' in version `normal'
(Font)                  OMX/cmex/m/n --> OMX/psycm/m/n on input line 68.
LaTeX Font Info:    Overwriting symbol font `largesymbols' in version `bold'
(Font)                  OMX/cmex/m/n --> OMX/psycm/m/n on input line 68.
\symbold=\mathgroup6
\symitalic=\mathgroup7
LaTeX Font Info:    Redeclaring math alphabet \mathbf on input line 74.
LaTeX Font Info:    Overwriting math alphabet `\mathbf' in version `normal'
(Font)                  OT1/cmr/bx/n --> OT1/ptm/bx/n on input line 74.
LaTeX Font Info:    Overwriting math alphabet `\mathbf' in version `bold'
(Font)                  OT1/cmr/bx/n --> OT1/ptm/bx/n on input line 74.
LaTeX Font Info:    Redeclaring math alphabet \mathit on input line 75.
LaTeX Font Info:    Overwriting math alphabet `\mathit' in version `normal'
(Font)                  OT1/cmr/m/it --> OT1/ptm/m/it on input line 75.
LaTeX Font Info:    Overwriting math alphabet `\mathit' in version `bold'
(Font)                  OT1/cmr/bx/it --> OT1/ptm/m/it on input line 75.
)
(/usr/local/texlive/2016/texmf-dist/tex/latex/fancyvrb/fancyvrb.sty
Package: fancyvrb 2008/02/07

Style option: `fancyvrb' v2.7a, with DG/SPQR fixes, and firstline=lastline fix 
<2008/02/07> (tvz)
(/usr/local/texlive/2016/texmf-dist/tex/latex/graphics/keyval.sty
Package: keyval 2014/10/28 v1.15 key=value parser (DPC)
\KV@toks@=\toks17
)
\FV@CodeLineNo=\count89
\FV@InFile=\read1
\FV@TabBox=\box26
\c@FancyVerbLine=\count90
\FV@StepNumber=\count91
\FV@OutFile=\write3
)
(/usr/local/texlive/2016/texmf-dist/tex/latex/tools/indentfirst.sty
Package: indentfirst 1995/11/23 v1.03 Indent first paragraph (DPC)
)
(/usr/local/texlive/2016/texmf-dist/tex/latex/setspace/setspace.sty
Package: setspace 2011/12/19 v6.7a set line spacing
)
(/usr/local/texlive/2016/texmf-dist/tex/latex/eso-pic/eso-pic.sty
Package: eso-pic 2015/07/21 v2.0g eso-pic (RN)

(/usr/local/texlive/2016/texmf-dist/tex/generic/oberdiek/atbegshi.sty
Package: atbegshi 2016/05/16 v1.17 At begin shipout hook (HO)

(/usr/local/texlive/2016/texmf-dist/tex/generic/oberdiek/infwarerr.sty
Package: infwarerr 2016/05/16 v1.4 Providing info/warning/error messages (HO)
)
(/usr/local/texlive/2016/texmf-dist/tex/generic/oberdiek/ltxcmds.sty
Package: ltxcmds 2016/05/16 v1.23 LaTeX kernel commands for general use (HO)
)
(/usr/local/texlive/2016/texmf-dist/tex/generic/oberdiek/ifpdf.sty
Package: ifpdf 2016/05/14 v3.1 Provides the ifpdf switch
))
(/usr/local/texlive/2016/texmf-dist/tex/latex/xcolor/xcolor.sty
Package: xcolor 2016/05/11 v2.12 LaTeX color extensions (UK)

(/usr/local/texlive/2016/texmf-dist/tex/latex/graphics-cfg/color.cfg
File: color.cfg 2016/01/02 v1.6 sample color configuration
)
Package xcolor Info: Driver file: pdftex.def on input line 225.

(/usr/local/texlive/2016/texmf-dist/tex/latex/pdftex-def/pdftex.def
File: pdftex.def 2011/05/27 v0.06d Graphics/color for pdfTeX
\Gread@gobject=\count92
)
Package xcolor Info: Model `cmy' substituted by `cmy0' on input line 1348.
Package xcolor Info: Model `hsb' substituted by `rgb' on input line 1352.
Package xcolor Info: Model `RGB' extended on input line 1364.
Package xcolor Info: Model `HTML' substituted by `rgb' on input line 1366.
Package xcolor Info: Model `Hsb' substituted by `hsb' on input line 1367.
Package xcolor Info: Model `tHsb' substituted by `hsb' on input line 1368.
Package xcolor Info: Model `HSB' substituted by `hsb' on input line 1369.
Package xcolor Info: Model `Gray' substituted by `gray' on input line 1370.
Package xcolor Info: Model `wave' substituted by `hsb' on input line 1371.
))
(/usr/local/texlive/2016/texmf-dist/tex/latex/lastpage/lastpage.sty
Package: lastpage 2015/03/29 v1.2m Refers to last page's name (HMM; JPG)
)
(/usr/local/texlive/2016/texmf-dist/tex/latex/hyperref/hyperref.sty
Package: hyperref 2016/05/05 v6.83n Hypertext links for LaTeX

(/usr/local/texlive/2016/texmf-dist/tex/generic/oberdiek/hobsub-hyperref.sty
Package: hobsub-hyperref 2016/05/16 v1.14 Bundle oberdiek, subset hyperref (HO)


(/usr/local/texlive/2016/texmf-dist/tex/generic/oberdiek/hobsub-generic.sty
Package: hobsub-generic 2016/05/16 v1.14 Bundle oberdiek, subset generic (HO)
Package: hobsub 2016/05/16 v1.14 Construct package bundles (HO)
Package hobsub Info: Skipping package `infwarerr' (already loaded).
Package hobsub Info: Skipping package `ltxcmds' (already loaded).
Package: ifluatex 2016/05/16 v1.4 Provides the ifluatex switch (HO)
Package ifluatex Info: LuaTeX not detected.
Package: ifvtex 2016/05/16 v1.6 Detect VTeX and its facilities (HO)
Package ifvtex Info: VTeX not detected.
Package: intcalc 2016/05/16 v1.2 Expandable calculations with integers (HO)
Package hobsub Info: Skipping package `ifpdf' (already loaded).
Package: etexcmds 2016/05/16 v1.6 Avoid name clashes with e-TeX commands (HO)
Package etexcmds Info: Could not find \expanded.
(etexcmds)             That can mean that you are not using pdfTeX 1.50 or
(etexcmds)             that some package has redefined \expanded.
(etexcmds)             In the latter case, load this package earlier.
Package: kvsetkeys 2016/05/16 v1.17 Key value parser (HO)
Package: kvdefinekeys 2016/05/16 v1.4 Define keys (HO)
Package: pdftexcmds 2016/05/10 v0.21 Utility functions of pdfTeX for LuaTeX (HO
)
Package pdftexcmds Info: LuaTeX not detected.
Package pdftexcmds Info: \pdf@primitive is available.
Package pdftexcmds Info: \pdf@ifprimitive is available.
Package pdftexcmds Info: \pdfdraftmode found.
Package: pdfescape 2016/05/16 v1.14 Implements pdfTeX's escape features (HO)
Package: bigintcalc 2016/05/16 v1.4 Expandable calculations on big integers (HO
)
Package: bitset 2016/05/16 v1.2 Handle bit-vector datatype (HO)
Package: uniquecounter 2016/05/16 v1.3 Provide unlimited unique counter (HO)
)
Package hobsub Info: Skipping package `hobsub' (already loaded).
Package: letltxmacro 2016/05/16 v1.5 Let assignment for LaTeX macros (HO)
Package: hopatch 2016/05/16 v1.3 Wrapper for package hooks (HO)
Package: xcolor-patch 2016/05/16 xcolor patch
Package: atveryend 2016/05/16 v1.9 Hooks at the very end of document (HO)
Package atveryend Info: \enddocument detected (standard20110627).
Package hobsub Info: Skipping package `atbegshi' (already loaded).
Package: refcount 2016/05/16 v3.5 Data extraction from label references (HO)
Package: hycolor 2016/05/16 v1.8 Color options for hyperref/bookmark (HO)
)
(/usr/local/texlive/2016/texmf-dist/tex/generic/ifxetex/ifxetex.sty
Package: ifxetex 2010/09/12 v0.6 Provides ifxetex conditional
)
(/usr/local/texlive/2016/texmf-dist/tex/latex/oberdiek/auxhook.sty
Package: auxhook 2016/05/16 v1.4 Hooks for auxiliary files (HO)
)
(/usr/local/texlive/2016/texmf-dist/tex/latex/oberdiek/kvoptions.sty
Package: kvoptions 2016/05/16 v3.12 Key value format for package options (HO)
)
\@linkdim=\dimen104
\Hy@linkcounter=\count93
\Hy@pagecounter=\count94

(/usr/local/texlive/2016/texmf-dist/tex/latex/hyperref/pd1enc.def
File: pd1enc.def 2016/05/05 v6.83n Hyperref: PDFDocEncoding definition (HO)
)
\Hy@SavedSpaceFactor=\count95

(/usr/local/texlive/2016/texmf-dist/tex/latex/latexconfig/hyperref.cfg
File: hyperref.cfg 2002/06/06 v1.2 hyperref configuration of TeXLive
)
Package hyperref Info: Hyper figures OFF on input line 4446.
Package hyperref Info: Link nesting OFF on input line 4451.
Package hyperref Info: Hyper index ON on input line 4454.
Package hyperref Info: Plain pages OFF on input line 4461.
Package hyperref Info: Backreferencing OFF on input line 4466.
Package hyperref Info: Implicit mode ON; LaTeX internals redefined.
Package hyperref Info: Bookmarks ON on input line 4691.
\c@Hy@tempcnt=\count96

(/usr/local/texlive/2016/texmf-dist/tex/latex/url/url.sty
\Urlmuskip=\muskip10
Package: url 2013/09/16  ver 3.4  Verb mode for urls, etc.
)
LaTeX Info: Redefining \url on input line 5044.
\XeTeXLinkMargin=\dimen105
\Fld@menulength=\count97
\Field@Width=\dimen106
\Fld@charsize=\dimen107
Package hyperref Info: Hyper figures OFF on input line 6298.
Package hyperref Info: Link nesting OFF on input line 6303.
Package hyperref Info: Hyper index ON on input line 6306.
Package hyperref Info: backreferencing OFF on input line 6313.
Package hyperref Info: Link coloring OFF on input line 6318.
Package hyperref Info: Link coloring with OCG OFF on input line 6323.
Package hyperref Info: PDF/A mode OFF on input line 6328.
LaTeX Info: Redefining \ref on input line 6368.
LaTeX Info: Redefining \pageref on input line 6372.
\Hy@abspage=\count98
\c@Item=\count99
\c@Hfootnote=\count100
)

Package hyperref Message: Driver: hpdftex.

(/usr/local/texlive/2016/texmf-dist/tex/latex/hyperref/hpdftex.def
File: hpdftex.def 2016/05/05 v6.83n Hyperref driver for pdfTeX
\Fld@listcount=\count101
\c@bookmark@seq@number=\count102

(/usr/local/texlive/2016/texmf-dist/tex/latex/oberdiek/rerunfilecheck.sty
Package: rerunfilecheck 2016/05/16 v1.8 Rerun checks for auxiliary files (HO)
Package uniquecounter Info: New unique counter `rerunfilecheck' on input line 2
82.
)
\Hy@SectionHShift=\skip43
)
Package hyperref Info: Option `bookmarksopen' set `false' on input line 186.
Package hyperref Info: Option `bookmarksnumbered' set `true' on input line 186.

Package hyperref Info: Option `hypertexnames' set `false' on input line 186.
Package hyperref Info: Option `naturalnames' set `true' on input line 186.
Package hyperref Info: Option `colorlinks' set `true' on input line 196.

(/usr/local/texlive/2016/texmf-dist/tex/latex/graphics/graphicx.sty
Package: graphicx 2014/10/28 v1.0g Enhanced LaTeX Graphics (DPC,SPQR)

(/usr/local/texlive/2016/texmf-dist/tex/latex/graphics/graphics.sty
Package: graphics 2016/05/09 v1.0r Standard LaTeX Graphics (DPC,SPQR)

(/usr/local/texlive/2016/texmf-dist/tex/latex/graphics/trig.sty
Package: trig 2016/01/03 v1.10 sin cos tan (DPC)
)
(/usr/local/texlive/2016/texmf-dist/tex/latex/graphics-cfg/graphics.cfg
File: graphics.cfg 2016/01/02 v1.10 sample graphics configuration
)
Package graphics Info: Driver file: pdftex.def on input line 96.
)
\Gin@req@height=\dimen108
\Gin@req@width=\dimen109
)
(/usr/local/texlive/2016/texmf-dist/tex/latex/caption/caption.sty
Package: caption 2016/02/21 v3.3-144 Customizing captions (AR)

(/usr/local/texlive/2016/texmf-dist/tex/latex/caption/caption3.sty
Package: caption3 2016/02/04 v1.7-139 caption3 kernel (AR)
Package caption3 Info: TeX engine: e-TeX on input line 67.
\captionmargin=\dimen110
\captionmargin@=\dimen111
\captionwidth=\dimen112
\caption@tempdima=\dimen113
\caption@indent=\dimen114
\caption@parindent=\dimen115
\caption@hangindent=\dimen116
)
\c@ContinuedFloat=\count103
Package caption Info: hyperref package is loaded.
)
(/usr/local/texlive/2016/texmf-dist/tex/latex/subfigure/subfigure.sty
Package: subfigure 2002/03/15 v2.1.5 subfigure package
\subfigtopskip=\skip44
\subfigcapskip=\skip45
\subfigcaptopadj=\dimen117
\subfigbottomskip=\skip46
\subfigcapmargin=\dimen118
\subfiglabelskip=\skip47
\c@subfigure=\count104
\c@lofdepth=\count105
\c@subtable=\count106
\c@lotdepth=\count107

****************************************
* Local config file subfigure.cfg used *
****************************************
(/usr/local/texlive/2016/texmf-dist/tex/latex/subfigure/subfigure.cfg)
\subfig@top=\skip48
\subfig@bottom=\skip49
)
(/usr/local/texlive/2016/texmf-dist/tex/latex/algorithm2e/algorithm2e.sty
Package: algorithm2e 2013/01/06 v5.00 algorithms environments
\c@AlgoLine=\count108
\algocf@hangindent=\skip50

(/usr/local/texlive/2016/texmf-dist/tex/latex/tools/xspace.sty
Package: xspace 2014/10/28 v1.13 Space after command names (DPC,MH)
)
(/usr/local/texlive/2016/texmf-dist/tex/latex/relsize/relsize.sty
Package: relsize 2013/03/29 ver 4.1
)
********************************************************
Package `algorithm2e' Release 5.1 -- october 19 2015 --
- algorithm2e-announce@lirmm.fr mailing list for announcement about releases
- algorithm2e-discussion@lirmm.fr mailing list for discussion about package
subscribe by emailing sympa@lirmm.fr with 'subscribe <list> <firstname name>'
- Author: Christophe Fiorio (christophe.fiorio@umontpellier.fr)
********************************************************
\skiptotal=\skip51
\skiplinenumber=\skip52
\skiprule=\skip53
\skiphlne=\skip54
\skiptext=\skip55
\skiplength=\skip56
\algomargin=\skip57
\skipalgocfslide=\skip58
\algowidth=\dimen119
\inoutsize=\dimen120
\inoutindent=\dimen121
\interspacetitleruled=\dimen122
\interspacealgoruled=\dimen123
\interspacetitleboxruled=\dimen124
\algocf@ruledwidth=\skip59
\algocf@inoutbox=\box27
\algocf@inputbox=\box28
\AlCapSkip=\skip60
\AlCapHSkip=\skip61
\algoskipindent=\skip62
\algocf@nlbox=\box29
\algocf@hangingbox=\box30
\algocf@untilbox=\box31
\algocf@skipuntil=\skip63
\algocf@capbox=\box32
\algoheightruledefault=\skip64
\algoheightrule=\skip65
\algotitleheightruledefault=\skip66
\algotitleheightrule=\skip67
\c@algocfline=\count109
\c@algocfproc=\count110
\c@algocf=\count111
\algocf@algoframe=\box33
\algocf@algobox=\box34
) (/usr/local/texlive/2016/texmf-dist/tex/latex/float/float.sty
Package: float 2001/11/08 v1.3d Float enhancements (AL)
\c@float@type=\count112
\float@exts=\toks18
\float@box=\box35
\@float@everytoks=\toks19
\@floatcapt=\box36
)
\@float@every@codigo=\toks20
\c@codigo=\count113

(/usr/local/texlive/2016/texmf-dist/tex/latex/fancyhdr/fancyhdr.sty
\fancy@headwidth=\skip68
\f@ncyO@elh=\skip69
\f@ncyO@erh=\skip70
\f@ncyO@olh=\skip71
\f@ncyO@orh=\skip72
\f@ncyO@elf=\skip73
\f@ncyO@erf=\skip74
\f@ncyO@olf=\skip75
\f@ncyO@orf=\skip76
)
(/usr/local/texlive/2016/texmf-dist/tex/latex/tocbibind/tocbibind.sty
Package: tocbibind 2010/10/13 v1.5k extra ToC listings
Package tocbibind Info: The document has chapter divisions on input line 50.


Package tocbibind Note: Using chapter style headings, unless overridden.

) (./tocloft.sty
Package: tocloft 2002/06/15 v2.3 parameterised ToC, etc., typesetting


Package tocloft Note: The document has chapter divisions.

\cftparskip=\skip77
\cftbeforetoctitleskip=\skip78
\cftaftertoctitleskip=\skip79
\cftbeforepartskip=\skip80
\cftpartnumwidth=\skip81
\cftpartindent=\skip82
\cftbeforechapskip=\skip83
\cftchapindent=\skip84
\cftchapnumwidth=\skip85
\cftbeforesecskip=\skip86
\cftsecindent=\skip87
\cftsecnumwidth=\skip88
\cftbeforesubsecskip=\skip89
\cftsubsecindent=\skip90
\cftsubsecnumwidth=\skip91
\cftbeforesubsubsecskip=\skip92
\cftsubsubsecindent=\skip93
\cftsubsubsecnumwidth=\skip94
\cftbeforeparaskip=\skip95
\cftparaindent=\skip96
\cftparanumwidth=\skip97
\cftbeforesubparaskip=\skip98
\cftsubparaindent=\skip99
\cftsubparanumwidth=\skip100
\cftbeforeloftitleskip=\skip101
\cftafterloftitleskip=\skip102
\cftbeforefigskip=\skip103
\cftfigindent=\skip104
\cftfignumwidth=\skip105
\cftbeforelottitleskip=\skip106
\cftafterlottitleskip=\skip107
\cftbeforetabskip=\skip108
\cfttabindent=\skip109
\cfttabnumwidth=\skip110
) (/usr/local/texlive/2016/texmf-dist/tex/latex/titlesec/titletoc.sty
Package: titletoc 2011/12/15 v1.6 TOC entries
\ttl@leftsep=\dimen125
)
\c@definition=\count114

(/usr/local/texlive/2016/texmf-dist/tex/latex/enumitem/enumitem.sty
Package: enumitem 2011/09/28 v3.5.2 Customized lists
\labelindent=\skip111
\enit@outerparindent=\dimen126
\enit@toks=\toks21
\enit@inbox=\box37
\enitdp@description=\count115
))
(/usr/local/texlive/2016/texmf-dist/tex/latex/algorithmicx/algpseudocode.sty
Package: algpseudocode 

(/usr/local/texlive/2016/texmf-dist/tex/latex/algorithmicx/algorithmicx.sty
Package: algorithmicx 2005/04/27 v1.2 Algorithmicx

Document Style algorithmicx 1.2 - a greatly improved `algorithmic' style
\c@ALG@line=\count116
\c@ALG@rem=\count117
\c@ALG@nested=\count118
\ALG@tlm=\skip112
\ALG@thistlm=\skip113
\c@ALG@Lnr=\count119
\c@ALG@blocknr=\count120
\c@ALG@storecount=\count121
\c@ALG@tmpcounter=\count122
\ALG@tmplength=\skip114
)
Document Style - pseudocode environments for use with the `algorithmicx' style
) (/usr/local/texlive/2016/texmf-dist/tex/latex/algorithms/algorithm.sty
Package: algorithm 2009/08/24 v0.1 Document Style `algorithm' - floating enviro
nment
\@float@every@algorithm=\toks22
\c@algorithm=\count123
)
(./TCC_CUDA.aux

LaTeX Warning: Label `fig:MIMD Representation' multiply defined.


LaTeX Warning: Label `moran' multiply defined.

)
\openout1 = `TCC_CUDA.aux'.

LaTeX Font Info:    Checking defaults for OML/cmm/m/it on input line 45.
LaTeX Font Info:    ... okay on input line 45.
LaTeX Font Info:    Checking defaults for T1/cmr/m/n on input line 45.
LaTeX Font Info:    ... okay on input line 45.
LaTeX Font Info:    Checking defaults for OT1/cmr/m/n on input line 45.
LaTeX Font Info:    ... okay on input line 45.
LaTeX Font Info:    Checking defaults for OMS/pzccm/m/n on input line 45.
LaTeX Font Info:    Try loading font information for OMS+pzccm on input line 45
.
 (/usr/local/texlive/2016/texmf-dist/tex/latex/psnfss/omspzccm.fd
File: omspzccm.fd 2000/01/03 Fontinst v1.801 font definitions for OMS/pzccm.
)
LaTeX Font Info:    ... okay on input line 45.
LaTeX Font Info:    Checking defaults for OMX/cmex/m/n on input line 45.
LaTeX Font Info:    ... okay on input line 45.
LaTeX Font Info:    Checking defaults for U/cmr/m/n on input line 45.
LaTeX Font Info:    ... okay on input line 45.
LaTeX Font Info:    Checking defaults for PD1/pdf/m/n on input line 45.
LaTeX Font Info:    ... okay on input line 45.
\AtBeginShipoutBox=\box38

(/usr/local/texlive/2016/texmf-dist/tex/context/base/mkii/supp-pdf.mkii
[Loading MPS to PDF converter (version 2006.09.02).]
\scratchcounter=\count124
\scratchdimen=\dimen127
\scratchbox=\box39
\nofMPsegments=\count125
\nofMParguments=\count126
\everyMPshowfont=\toks23
\MPscratchCnt=\count127
\MPscratchDim=\dimen128
\MPnumerator=\count128
\makeMPintoPDFobject=\count129
\everyMPtoPDFconversion=\toks24
)
Package lastpage Info: Please have a look at the pageslts package at
(lastpage)             https://www.ctan.org/pkg/pageslts
(lastpage)             ! on input line 45.
Package hyperref Info: Link coloring ON on input line 45.
 (/usr/local/texlive/2016/texmf-dist/tex/latex/hyperref/nameref.sty
Package: nameref 2012/10/27 v2.43 Cross-referencing by name of section

(/usr/local/texlive/2016/texmf-dist/tex/generic/oberdiek/gettitlestring.sty
Package: gettitlestring 2016/05/16 v1.5 Cleanup title references (HO)
)
\c@section@level=\count130
)
LaTeX Info: Redefining \ref on input line 45.
LaTeX Info: Redefining \pageref on input line 45.
LaTeX Info: Redefining \nameref on input line 45.

(./TCC_CUDA.out) (./TCC_CUDA.out)
\@outlinefile=\write4
\openout4 = `TCC_CUDA.out'.


(/usr/local/texlive/2016/texmf-dist/tex/latex/oberdiek/epstopdf-base.sty
Package: epstopdf-base 2016/05/15 v2.6 Base part for package epstopdf

(/usr/local/texlive/2016/texmf-dist/tex/latex/oberdiek/grfext.sty
Package: grfext 2016/05/16 v1.2 Manage graphics extensions (HO)
)
Package grfext Info: Graphics extension search list:
(grfext)             [.jpg,.pdf,.mps,.png,.eps]
(grfext)             \AppendGraphicsExtensions on input line 456.

(/usr/local/texlive/2016/texmf-dist/tex/latex/latexconfig/epstopdf-sys.cfg
File: epstopdf-sys.cfg 2010/07/13 v1.3 Configuration of (r)epstopdf for TeX Liv
e
))
Package caption Info: Begin \AtBeginDocument code.
Package caption Info: float package is loaded.
Package caption Info: subfigure package is loaded.
Package caption Info: End \AtBeginDocument code.
Package babel Info: Redefining portuges shorthand "|
(babel)             in language append on input line 76.
Package babel Info: Redefining portuges shorthand "|
(babel)             in language append on input line 76.
Package babel Info: Redefining portuges shorthand "|
(babel)             in language append on input line 76.
Package babel Info: Redefining portuges shorthand "|
(babel)             in language append on input line 76.
Package babel Info: Redefining portuges shorthand "|
(babel)             in language append on input line 76.
LaTeX Font Info:    Font shape `T1/ptm/bx/n' in size <24.88> not available
(Font)              Font shape `T1/ptm/b/n' tried instead on input line 76.
Package babel Info: Redefining portuges shorthand "|
(babel)             in language append on input line 76.

[1

{/usr/local/texlive/2016/texmf-var/fonts/map/pdftex/updmap/pdftex.map}]
Package babel Info: Redefining portuges shorthand "|
(babel)             in language append on input line 77.
LaTeX Font Info:    Font shape `T1/ptm/bx/sc' in size <17.28> not available
(Font)              Font shape `T1/ptm/b/sc' tried instead on input line 77.
LaTeX Font Info:    Font shape `T1/ptm/bx/n' in size <12> not available
(Font)              Font shape `T1/ptm/b/n' tried instead on input line 77.
LaTeX Font Info:    Try loading font information for OT1+ptmcm on input line 77
.

(/usr/local/texlive/2016/texmf-dist/tex/latex/psnfss/ot1ptmcm.fd
File: ot1ptmcm.fd 2000/01/03 Fontinst v1.801 font definitions for OT1/ptmcm.
)
LaTeX Font Info:    Try loading font information for OML+ptmcm on input line 77
.

(/usr/local/texlive/2016/texmf-dist/tex/latex/psnfss/omlptmcm.fd
File: omlptmcm.fd 2000/01/03 Fontinst v1.801 font definitions for OML/ptmcm.
)
LaTeX Font Info:    Try loading font information for OMX+psycm on input line 77
.

(/usr/local/texlive/2016/texmf-dist/tex/latex/psnfss/omxpsycm.fd
File: omxpsycm.fd 2000/01/03 Fontinst v1.801 font definitions for OMX/psycm.
)
LaTeX Font Info:    Try loading font information for U+msa on input line 77.

(/usr/local/texlive/2016/texmf-dist/tex/latex/amsfonts/umsa.fd
File: umsa.fd 2013/01/14 v3.01 AMS symbols A
)
LaTeX Font Info:    Try loading font information for U+msb on input line 77.

(/usr/local/texlive/2016/texmf-dist/tex/latex/amsfonts/umsb.fd
File: umsb.fd 2013/01/14 v3.01 AMS symbols B
)
LaTeX Font Info:    Font shape `OT1/ptm/bx/n' in size <12> not available
(Font)              Font shape `OT1/ptm/b/n' tried instead on input line 77.
LaTeX Font Info:    Font shape `OT1/ptm/bx/n' in size <9> not available
(Font)              Font shape `OT1/ptm/b/n' tried instead on input line 77.
LaTeX Font Info:    Font shape `OT1/ptm/bx/n' in size <7> not available
(Font)              Font shape `OT1/ptm/b/n' tried instead on input line 77.

Underfull \hbox (badness 10000) in paragraph at lines 77--77
[] $[]$
 []


Underfull \hbox (badness 10000) in paragraph at lines 77--77
[] $[]$
 []

Package babel Info: Redefining portuges shorthand "|
(babel)             in language append on input line 77.
[1]
Package babel Info: Redefining portuges shorthand "|
(babel)             in language append on input line 78.

Underfull \hbox (badness 1052) in paragraph at lines 78--78
[]\T1/ptm/m/n/12 Trabalho de Con-clu-são apre-sen-tado à Co-or-de-na-ção do
 []

Package babel Info: Redefining portuges shorthand "|
(babel)             in language append on input line 78.
[1] (./pre/pre_dedicatoria.tex
Package babel Info: Redefining portuges shorthand "|
(babel)             in language append on input line 1.
Package babel Info: Redefining portuges shorthand "|
(babel)             in language append on input line 3.
 [2

]) (./pre/pre_agradecimentos.tex
Package babel Info: Redefining portuges shorthand "|
(babel)             in language append on input line 1.
LaTeX Font Info:    Font shape `T1/ptm/bx/n' in size <17.28> not available
(Font)              Font shape `T1/ptm/b/n' tried instead on input line 1.
Package babel Info: Redefining portuges shorthand "|
(babel)             in language append on input line 16.
 [3

])
(./pre/pre_epigrafe.tex
Package babel Info: Redefining portuges shorthand "|
(babel)             in language append on input line 3.
Package babel Info: Redefining portuges shorthand "|
(babel)             in language append on input line 3.
 [4

]) (./pre/pre_resumo.tex
Package babel Info: Redefining portuges shorthand "|
(babel)             in language append on input line 3.

Underfull \hbox (badness 10000) in paragraph at lines 3--3
[]$[]$
 []

LaTeX Font Info:    Font shape `T1/phv/m/n' will be
(Font)              scaled to size 10.79993pt on input line 5.
LaTeX Font Info:    Font shape `T1/phv/bx/n' in size <12> not available
(Font)              Font shape `T1/phv/b/n' tried instead on input line 5.
LaTeX Font Info:    Font shape `T1/phv/b/n' will be
(Font)              scaled to size 10.79993pt on input line 5.
Package babel Info: Redefining portuges shorthand "|
(babel)             in language append on input line 5.
[5

]) (./pre/pre_abstract.tex
Package babel Info: Redefining portuges shorthand "|
(babel)             in language append on input line 3.
Package babel Info: Redefining portuges shorthand "|
(babel)             in language append on input line 7.
 [6

])
Package babel Info: Redefining portuges shorthand "|
(babel)             in language append on input line 88.
 (./TCC_CUDA.toc
LaTeX Font Info:    Font shape `T1/phv/m/n' will be
(Font)              scaled to size 9.85492pt on input line 8.
LaTeX Font Info:    Font shape `T1/phv/m/n' will be
(Font)              scaled to size 8.99994pt on input line 10.
Package babel Info: Redefining portuges shorthand "|
(babel)             in language append on input line 35.
 [7



])
\tf@toc=\write5
\openout5 = `TCC_CUDA.toc'.

Package babel Info: Redefining portuges shorthand "|
(babel)             in language append on input line 88.
 [8]
Package babel Info: Redefining portuges shorthand "|
(babel)             in language append on input line 88.
 (./TCC_CUDA.lof)
\tf@lof=\write6
\openout6 = `TCC_CUDA.lof'.

Package babel Info: Redefining portuges shorthand "|
(babel)             in language append on input line 88.

[9


]
Package babel Info: Redefining portuges shorthand "|
(babel)             in language append on input line 88.
 (./TCC_CUDA.lot)
\tf@lot=\write7
\openout7 = `TCC_CUDA.lot'.

Package babel Info: Redefining portuges shorthand "|
(babel)             in language append on input line 88.
 [10


]
Package babel Info: Redefining portuges shorthand "|
(babel)             in language append on input line 88.
 (./TCC_CUDA.loa)
\tf@loa=\write8
\openout8 = `TCC_CUDA.loa'.

Package babel Info: Redefining portuges shorthand "|
(babel)             in language append on input line 88.
 [11


] (./TCC_CUDA.loc)
\tf@loc=\write9
\openout9 = `TCC_CUDA.loc'.

Package babel Info: Redefining portuges shorthand "|
(babel)             in language append on input line 88.
Package babel Info: Redefining portuges shorthand "|
(babel)             in language append on input line 88.
 [12


]
(./tex/cap_introduction.tex
Cap\'{\i }tulo 1.
Package babel Info: Redefining portuges shorthand "|
(babel)             in language append on input line 1.
LaTeX Font Info:    Font shape `T1/phv/m/n' will be
(Font)              scaled to size 15.55188pt on input line 1.
LaTeX Font Info:    Font shape `T1/phv/m/n' will be
(Font)              scaled to size 22.39185pt on input line 1.
LaTeX Font Info:    Font shape `T1/phv/m/n' will be
(Font)              scaled to size 18.66588pt on input line 1.
LaTeX Font Info:    Font shape `T1/ptm/bx/n' in size <20.74> not available
(Font)              Font shape `T1/ptm/b/n' tried instead on input line 1.
Package babel Info: Redefining portuges shorthand "|
(babel)             in language append on input line 7.
[13


]) (./tex/cap_I.tex
Package babel Info: Redefining portuges shorthand "|
(babel)             in language append on input line 2.
 [14]
Cap\'{\i }tulo 2.
Package babel Info: Redefining portuges shorthand "|
(babel)             in language append on input line 2.
Package babel Info: Redefining portuges shorthand "|
(babel)             in language append on input line 9.
Package babel Info: Redefining portuges shorthand "|
(babel)             in language append on input line 16.
[15

]
Package babel Info: Redefining portuges shorthand "|
(babel)             in language append on input line 21.
LaTeX Font Info:    Font shape `T1/ptm/bx/n' in size <14.4> not available
(Font)              Font shape `T1/ptm/b/n' tried instead on input line 26.
Package babel Info: Redefining portuges shorthand "|
(babel)             in language append on input line 26.
 <./fig/arvore_filogenetica.png, id=381, 519.9425pt x 244.915pt>
File: ./fig/arvore_filogenetica.png Graphic file (type png)

<use ./fig/arvore_filogenetica.png>
Package pdftex.def Info: ./fig/arvore_filogenetica.png used on input line 32.
(pdftex.def)             Requested size: 467.94394pt x 220.42145pt.

Overfull \hbox (41.1526pt too wide) in paragraph at lines 32--33
 [][] 
 []

LaTeX Font Info:    Font shape `T1/ptm/bx/it' in size <10.95> not available
(Font)              Font shape `T1/ptm/b/it' tried instead on input line 33.
LaTeX Font Info:    Font shape `T1/ptm/bx/n' in size <10.95> not available
(Font)              Font shape `T1/ptm/b/n' tried instead on input line 33.
Package babel Info: Redefining portuges shorthand "|
(babel)             in language append on input line 37.
Package babel Info: Redefining portuges shorthand "|
(babel)             in language append on input line 40.
[16] <./fig/arvore.png, id=395, 569.12625pt x 517.935pt>
File: ./fig/arvore.png Graphic file (type png)

<use ./fig/arvore.png>
Package pdftex.def Info: ./fig/arvore.png used on input line 44.
(pdftex.def)             Requested size: 369.92767pt x 336.65375pt.
Package babel Info: Redefining portuges shorthand "|
(babel)             in language append on input line 49.
Package babel Info: Redefining portuges shorthand "|
(babel)             in language append on input line 51.
 [17 <./fig/arvore_filogenetica.png>]
LaTeX Font Info:    Font shape `OMS/ptm/m/n' in size <12> not available
(Font)              Font shape `OMS/pzccm/m/n' tried instead on input line 53.
Package babel Info: Redefining portuges shorthand "|
(babel)             in language append on input line 75.
 [18 <./fig/arvore.png>]) (./tex/cap_II.tex
Package babel Info: Redefining portuges shorthand "|
(babel)             in language append on input line 1.
 [19]
Cap\'{\i }tulo 3.
Package babel Info: Redefining portuges shorthand "|
(babel)             in language append on input line 1.
Package babel Info: Redefining portuges shorthand "|
(babel)             in language append on input line 6.
Package babel Info: Redefining portuges shorthand "|
(babel)             in language append on input line 19.
[20

]
Package babel Info: Redefining portuges shorthand "|
(babel)             in language append on input line 20.
 <./fig/parallel_computing.png, id=432, 264.99pt x 210.03468pt>
File: ./fig/parallel_computing.png Graphic file (type png)

<use ./fig/parallel_computing.png>
Package pdftex.def Info: ./fig/parallel_computing.png used on input line 28.
(pdftex.def)             Requested size: 317.9864pt x 252.04034pt.
Package babel Info: Redefining portuges shorthand "|
(babel)             in language append on input line 37.
 [21]
Package babel Info: Redefining portuges shorthand "|
(babel)             in language append on input line 48.
 [22 <./fig/parallel_computing.png>]
Package babel Info: Redefining portuges shorthand "|
(babel)             in language append on input line 50.

<./fig/SISD.png, id=448, 451.6875pt x 451.6875pt>
File: ./fig/SISD.png Graphic file (type png)
 <use ./fig/SISD.png>
Package pdftex.def Info: ./fig/SISD.png used on input line 68.
(pdftex.def)             Requested size: 180.67178pt x 180.67178pt.

<./fig/SIMD.png, id=451, 225.84375pt x 225.84375pt>
File: ./fig/SIMD.png Graphic file (type png)
 <use ./fig/SIMD.png>
Package pdftex.def Info: ./fig/SIMD.png used on input line 75.
(pdftex.def)             Requested size: 180.67523pt x 180.67523pt.

<./fig/MISD.png, id=454, 225.84375pt x 225.84375pt>
File: ./fig/MISD.png Graphic file (type png)
 <use ./fig/MISD.png>
Package pdftex.def Info: ./fig/MISD.png used on input line 82.
(pdftex.def)             Requested size: 169.38239pt x 169.38239pt.

<./fig/MIMD.png, id=457, 225.84375pt x 225.84375pt>
File: ./fig/MIMD.png Graphic file (type png)
 <use ./fig/MIMD.png>
Package pdftex.def Info: ./fig/MIMD.png used on input line 89.
(pdftex.def)             Requested size: 169.38239pt x 169.38239pt.
Package babel Info: Redefining portuges shorthand "|
(babel)             in language append on input line 95.
Package babel Info: Redefining portuges shorthand "|
(babel)             in language append on input line 98.

[23]
Package babel Info: Redefining portuges shorthand "|
(babel)             in language append on input line 106.
 [24 <./fig/SISD.png> <./fig/SIMD.png>]
Package babel Info: Redefining portuges shorthand "|
(babel)             in language append on input line 118.
 [25 <./fig/MISD.png> <./fig/MIMD.png>]
Package babel Info: Redefining portuges shorthand "|
(babel)             in language append on input line 148.
 [26] <./fig/SIMD_Distributed_Memory.png, id=487, 451.6875pt x 247.67531pt>
File: ./fig/SIMD_Distributed_Memory.png Graphic file (type png)

<use ./fig/SIMD_Distributed_Memory.png>
Package pdftex.def Info: ./fig/SIMD_Distributed_Memory.png used on input line 1
57.
(pdftex.def)             Requested size: 271.01459pt x 148.60632pt.

<./fig/SIMD_Shared_Memory.png, id=490, 312.16624pt x 162.6075pt>
File: ./fig/SIMD_Shared_Memory.png Graphic file (type png)

<use ./fig/SIMD_Shared_Memory.png>
Package pdftex.def Info: ./fig/SIMD_Shared_Memory.png used on input line 164.
(pdftex.def)             Requested size: 343.38393pt x 178.86879pt.

<./fig/MIMD_Shared_Memory.png, id=493, 746.01291pt x 559.50967pt>
File: ./fig/MIMD_Shared_Memory.png Graphic file (type png)

<use ./fig/MIMD_Shared_Memory.png>
Package pdftex.def Info: ./fig/MIMD_Shared_Memory.png used on input line 171.
(pdftex.def)             Requested size: 268.56444pt x 201.42332pt.

<./fig/MIMD_Distributed_Memory.png, id=496, 259.97125pt x 194.7275pt>
File: ./fig/MIMD_Distributed_Memory.png Graphic file (type png)

<use ./fig/MIMD_Distributed_Memory.png>
Package pdftex.def Info: ./fig/MIMD_Distributed_Memory.png used on input line 1
78.
(pdftex.def)             Requested size: 259.97061pt x 194.727pt.
Package babel Info: Redefining portuges shorthand "|
(babel)             in language append on input line 183.
Package babel Info: Redefining portuges shorthand "|
(babel)             in language append on input line 186.
 [27 <./fig/SIMD_Distributed_Memory.png> <./fig/SIMD_Shared_Memory.png>]
Package babel Info: Redefining portuges shorthand "|
(babel)             in language append on input line 188.
 [28 <./fig/MIMD_Shared_Memory.png> <./fig/MIMD_Distributed_Memory.png>]
Package babel Info: Redefining portuges shorthand "|
(babel)             in language append on input line 189.
Package babel Info: Redefining portuges shorthand "|
(babel)             in language append on input line 197.
Package babel Info: Redefining portuges shorthand "|
(babel)             in language append on input line 200.
 [29]
Package babel Info: Redefining portuges shorthand "|
(babel)             in language append on input line 204.
Package babel Info: Redefining portuges shorthand "|
(babel)             in language append on input line 208.
Package babel Info: Redefining portuges shorthand "|
(babel)             in language append on input line 222.
Package babel Info: Redefining portuges shorthand "|
(babel)             in language append on input line 225.
 [30]
Package babel Info: Redefining portuges shorthand "|
(babel)             in language append on input line 226.
Package babel Info: Redefining portuges shorthand "|
(babel)             in language append on input line 232.
Package babel Info: Redefining portuges shorthand "|
(babel)             in language append on input line 236.
Package babel Info: Redefining portuges shorthand "|
(babel)             in language append on input line 239.
 [31]
Package babel Info: Redefining portuges shorthand "|
(babel)             in language append on input line 240.
Package babel Info: Redefining portuges shorthand "|
(babel)             in language append on input line 262.
 [32]
Package babel Info: Redefining portuges shorthand "|
(babel)             in language append on input line 264.
Package babel Info: Redefining portuges shorthand "|
(babel)             in language append on input line 280.
Package babel Info: Redefining portuges shorthand "|
(babel)             in language append on input line 286.
 [33]) (./tex/cap_III.tex
Package babel Info: Redefining portuges shorthand "|
(babel)             in language append on input line 1.
 [34]
Cap\'{\i }tulo 4.
Package babel Info: Redefining portuges shorthand "|
(babel)             in language append on input line 1.
Package babel Info: Redefining portuges shorthand "|
(babel)             in language append on input line 14.
Package babel Info: Redefining portuges shorthand "|
(babel)             in language append on input line 18.
[35

] <./fig/algoritimo_parse.png, id=552, 571.13374pt x 724.7075pt>
File: ./fig/algoritimo_parse.png Graphic file (type png)

<use ./fig/algoritimo_parse.png>
Package pdftex.def Info: ./fig/algoritimo_parse.png used on input line 33.
(pdftex.def)             Requested size: 571.13235pt x 724.70573pt.

Overfull \hbox (144.34102pt too wide) in paragraph at lines 33--35
 [][] 
 []


LaTeX Warning: Float too large for page by 50.64903pt on input line 35.

Package babel Info: Redefining portuges shorthand "|
(babel)             in language append on input line 39.
[36] <./fig/vectors.png, id=558, 1240.635pt x 387.4475pt>
File: ./fig/vectors.png Graphic file (type png)

<use ./fig/vectors.png>
Package pdftex.def Info: ./fig/vectors.png used on input line 43.
(pdftex.def)             Requested size: 372.19337pt x 116.23514pt.
Package babel Info: Redefining portuges shorthand "|
(babel)             in language append on input line 54.
Package babel Info: Redefining portuges shorthand "|
(babel)             in language append on input line 58.
 [37]
Package babel Info: Redefining portuges shorthand "|
(babel)             in language append on input line 60.
Package babel Info: Redefining portuges shorthand "|
(babel)             in language append on input line 65.
Package babel Info: Redefining portuges shorthand "|
(babel)             in language append on input line 71.
 [38]
<./fig/algoritimo_moran.png, id=573, 465.74pt x 592.2125pt>
File: ./fig/algoritimo_moran.png Graphic file (type png)

<use ./fig/algoritimo_moran.png>
Package pdftex.def Info: ./fig/algoritimo_moran.png used on input line 89.
(pdftex.def)             Requested size: 465.73886pt x 592.21104pt.

Overfull \hbox (38.94753pt too wide) in paragraph at lines 89--91
 [][] 
 []

) (./tex/cap_IV.tex
Package babel Info: Redefining portuges shorthand "|
(babel)             in language append on input line 1.
 [39]
Package babel Info: Redefining portuges shorthand "|
(babel)             in language append on input line 1.
 [40 <./fig/algoritimo_parse.png>]
Package babel Info: Redefining portuges shorthand "|
(babel)             in language append on input line 1.
 [41 <./fig/vectors.png>]
Package babel Info: Redefining portuges shorthand "|
(babel)             in language append on input line 1.
 [42 <./fig/algoritimo_moran.png>]
Cap\'{\i }tulo 5.
Package babel Info: Redefining portuges shorthand "|
(babel)             in language append on input line 1.
Package babel Info: Redefining portuges shorthand "|
(babel)             in language append on input line 18.
Package babel Info: Redefining portuges shorthand "|
(babel)             in language append on input line 23.
[43

] <./fig/grafico_128.png, id=607, 414.54875pt x 259.97125pt>
File: ./fig/grafico_128.png Graphic file (type png)

<use ./fig/grafico_128.png>
Package pdftex.def Info: ./fig/grafico_128.png used on input line 83.
(pdftex.def)             Requested size: 414.54773pt x 259.97061pt.

<./fig/grafico_1024.png, id=608, 424.58624pt x 263.98625pt>
File: ./fig/grafico_1024.png Graphic file (type png)

<use ./fig/grafico_1024.png>
Package pdftex.def Info: ./fig/grafico_1024.png used on input line 90.
(pdftex.def)             Requested size: 424.5852pt x 263.9856pt.

<./fig/grafico_4096.png, id=609, 416.55624pt x 252.945pt>
File: ./fig/grafico_4096.png Graphic file (type png)

<use ./fig/grafico_4096.png>
Package pdftex.def Info: ./fig/grafico_4096.png used on input line 97.
(pdftex.def)             Requested size: 416.55522pt x 252.94438pt.

<./fig/grafico_8192.png, id=610, 426.59375pt x 283.0575pt>
File: ./fig/grafico_8192.png Graphic file (type png)

<use ./fig/grafico_8192.png>
Package pdftex.def Info: ./fig/grafico_8192.png used on input line 104.
(pdftex.def)             Requested size: 426.5927pt x 283.0568pt.
) (./tex/cap_V.tex
Package babel Info: Redefining portuges shorthand "|
(babel)             in language append on input line 1.
 [44]
Package babel Info: Redefining portuges shorthand "|
(babel)             in language append on input line 1.
 [45 <./fig/grafico_128.png> <./fig/grafico_1024.png>]
Package babel Info: Redefining portuges shorthand "|
(babel)             in language append on input line 1.
 [46 <./fig/grafico_4096.png> <./fig/grafico_8192.png>]
Cap\'{\i }tulo 6.
Package babel Info: Redefining portuges shorthand "|
(babel)             in language append on input line 1.
)
Package babel Info: Redefining portuges shorthand "|
(babel)             in language append on input line 112.
 [47

]
Package babel Info: Redefining portuges shorthand "|
(babel)             in language append on input line 115.
 [48] (./TCC_CUDA.bbl
Package babel Info: Redefining portuges shorthand "|
(babel)             in language append on input line 1.
LaTeX Font Info:    Font shape `T1/phv/m/sc' will be
(Font)              scaled to size 10.79993pt on input line 4.
LaTeX Font Info:    Font shape `T1/phv/m/it' in size <12> not available
(Font)              Font shape `T1/phv/m/sl' tried instead on input line 29.
LaTeX Font Info:    Font shape `T1/phv/m/sl' will be
(Font)              scaled to size 10.79993pt on input line 29.
Package babel Info: Redefining portuges shorthand "|
(babel)             in language append on input line 103.
 [49


])
Package babel Info: Redefining portuges shorthand "|
(babel)             in language append on input line 124.
 [50] 
AED: lastpage setting LastPage
Package atveryend Info: Empty hook `BeforeClearDocument' on input line 129.
Package atveryend Info: Empty hook `AfterLastShipout' on input line 129.
(./TCC_CUDA.aux)
Package atveryend Info: Executing hook `AtVeryEndDocument' on input line 129.
Package atveryend Info: Executing hook `AtEndAfterFileList' on input line 129.
Package rerunfilecheck Info: File `TCC_CUDA.out' has not changed.
(rerunfilecheck)             Checksum: FB7ECDC876FB0CDE8D77D3A99CB7ACBD;3157.


LaTeX Warning: There were multiply-defined labels.

Package atveryend Info: Empty hook `AtVeryVeryEnd' on input line 129.
 )
(\end occurred inside a group at level 1)

### simple group (level 1) entered at line 1061 ({)
### bottom level 
Here is how much of TeX's memory you used:
 11417 strings out of 493014
 172066 string characters out of 6133351
 298992 words of memory out of 5000000
 14513 multiletter control sequences out of 15000+600000
 109481 words of font info for 114 fonts, out of 8000000 for 9000
 1141 hyphenation exceptions out of 8191
 43i,12n,47p,1894b,4236s stack positions out of 5000i,500n,10000p,200000b,80000s
{/usr/local/texlive/2016/texmf-dist/fonts/enc/dvips/base/8r.enc
}</usr/local/texlive/2016/texmf-dist/fonts/type1/public/amsfonts/cm/cmr10.pfb><
/usr/local/texlive/2016/texmf-dist/fonts/type1/public/amsfonts/cm/cmsy10.pfb></
usr/local/texlive/2016/texmf-dist/fonts/type1/urw/helvetic/uhvb8a.pfb></usr/loc
al/texlive/2016/texmf-dist/fonts/type1/urw/helvetic/uhvr8a.pfb></usr/local/texl
ive/2016/texmf-dist/fonts/type1/urw/helvetic/uhvro8a.pfb></usr/local/texlive/20
16/texmf-dist/fonts/type1/urw/symbol/usyr.pfb></usr/local/texlive/2016/texmf-di
st/fonts/type1/urw/times/utmb8a.pfb></usr/local/texlive/2016/texmf-dist/fonts/t
ype1/urw/times/utmr8a.pfb></usr/local/texlive/2016/texmf-dist/fonts/type1/urw/t
imes/utmri8a.pfb>
Output written on TCC_CUDA.pdf (52 pages, 935990 bytes).
PDF statistics:
 730 PDF objects out of 1000 (max. 8388607)
 615 compressed objects within 7 object streams
 147 named destinations out of 1000 (max. 500000)
 467 words of extra memory for PDF output out of 10000 (max. 10000000)

